[debug] [2021-07-03T18:05:19.247Z] ----------------------------------------------------------------------
[debug] [2021-07-03T18:05:19.249Z] Command:       C:\Program Files\nodejs\node.exe C:\Users\G-FIVE\AppData\Roaming\npm\node_modules\firebase-tools\lib\bin\firebase.js init
[debug] [2021-07-03T18:05:19.249Z] CLI Version:   9.14.0
[debug] [2021-07-03T18:05:19.249Z] Platform:      win32
[debug] [2021-07-03T18:05:19.249Z] Node Version:  v15.12.0
[debug] [2021-07-03T18:05:19.250Z] Time:          Sat Jul 03 2021 14:05:19 GMT-0400 (hora de Venezuela)
[debug] [2021-07-03T18:05:19.250Z] ----------------------------------------------------------------------
[debug] 
[debug] [2021-07-03T18:05:19.257Z] > command requires scopes: ["email","openid","https://www.googleapis.com/auth/cloudplatformprojects.readonly","https://www.googleapis.com/auth/firebase","https://www.googleapis.com/auth/cloud-platform"]
[debug] [2021-07-03T18:05:19.257Z] > authorizing via signed-in user (whakahihy@gmail.com)
[info] 
     ######## #### ########  ######## ########     ###     ######  ########
     ##        ##  ##     ## ##       ##     ##  ##   ##  ##       ##
     ######    ##  ########  ######   ########  #########  ######  ######
     ##        ##  ##    ##  ##       ##     ## ##     ##       ## ##
     ##       #### ##     ## ######## ########  ##     ##  ######  ########

You're about to initialize a Firebase project in this directory:

  C:\Users\G-FIVE

Before we get started, keep in mind:

  * You are initializing within an existing Firebase project directory

[info] 
=== Project Setup
[info] 
[info] First, let's associate this project directory with a Firebase project.
[info] You can create multiple project aliases by running firebase use --add, 
[info] but for now we'll just set up a default project.
[info] 
[info] i  .firebaserc already has a default project, using kreactivesoft-91150. 
[debug] [2021-07-03T18:06:07.771Z] >>> [apiv2][query] GET https://firebase.googleapis.com/v1beta1/projects/kreactivesoft-91150 [none]
[debug] [2021-07-03T18:06:08.944Z] <<< [apiv2][status] GET https://firebase.googleapis.com/v1beta1/projects/kreactivesoft-91150 403
[debug] [2021-07-03T18:06:08.945Z] <<< [apiv2][body] GET https://firebase.googleapis.com/v1beta1/projects/kreactivesoft-91150 {"error":{"code":403,"message":"The caller does not have permission","status":"PERMISSION_DENIED"}}
[debug] [2021-07-03T18:06:08.946Z] HTTP Error: 403, The caller does not have permission
[debug] [2021-07-03T18:06:11.355Z] FirebaseError: HTTP Error: 403, The caller does not have permission
    at module.exports (C:\Users\G-FIVE\AppData\Roaming\npm\node_modules\firebase-tools\lib\responseToError.js:38:12)
    at Client.doRequest (C:\Users\G-FIVE\AppData\Roaming\npm\node_modules\firebase-tools\lib\apiv2.js:238:23)
    at processTicksAndRejections (node:internal/process/task_queues:94:5)
    at async Client.request (C:\Users\G-FIVE\AppData\Roaming\npm\node_modules\firebase-tools\lib\apiv2.js:96:20)
    at async Object.getFirebaseProject (C:\Users\G-FIVE\AppData\Roaming\npm\node_modules\firebase-tools\lib\management\projects.js:290:21)
    at async Object.doSetup [as project] (C:\Users\G-FIVE\AppData\Roaming\npm\node_modules\firebase-tools\lib\init\features\project.js:77:27)
    at async init (C:\Users\G-FIVE\AppData\Roaming\npm\node_modules\firebase-tools\lib\init\index.js:19:9)
[error] 
[error] Error: Failed to get Firebase project kreactivesoft-91150. Please make sure the project exists and your account has permission to access it.
